c:\users\user\source\repos\project_g\project_g\x64\debug\vc143.pdb
c:\users\user\source\repos\project_g\project_g\x64\debug\vc143.idb
c:\users\user\source\repos\project_g\project_g\x64\debug\wall.obj
c:\users\user\source\repos\project_g\project_g\x64\debug\rankingsystem.obj
c:\users\user\source\repos\project_g\project_g\x64\debug\player.obj
c:\users\user\source\repos\project_g\project_g\x64\debug\object.obj
c:\users\user\source\repos\project_g\project_g\x64\debug\missile.obj
c:\users\user\source\repos\project_g\project_g\x64\debug\main.obj
c:\users\user\source\repos\project_g\project_g\x64\debug\enemy.obj
c:\users\user\source\repos\project_g\project_g\x64\debug\core.obj
c:\users\user\source\repos\project_g\project_g\x64\debug\pch.obj
c:\users\user\source\repos\project_g\project_g\x64\debug\vector2d.obj
c:\users\user\source\repos\project_g\x64\debug\project_g.pdb
c:\users\user\source\repos\project_g\project_g\x64\debug\project_g.tlog\cl.command.1.tlog
c:\users\user\source\repos\project_g\project_g\x64\debug\project_g.tlog\cl.read.1.tlog
c:\users\user\source\repos\project_g\project_g\x64\debug\project_g.tlog\cl.write.1.tlog
c:\users\user\source\repos\project_g\project_g\x64\debug\project_g.tlog\link-cvtres.read.1.tlog
c:\users\user\source\repos\project_g\project_g\x64\debug\project_g.tlog\link-cvtres.write.1.tlog
c:\users\user\source\repos\project_g\project_g\x64\debug\project_g.tlog\link-rc.read.1.tlog
c:\users\user\source\repos\project_g\project_g\x64\debug\project_g.tlog\link-rc.write.1.tlog
c:\users\user\source\repos\project_g\project_g\x64\debug\project_g.tlog\link.command.1.tlog
c:\users\user\source\repos\project_g\project_g\x64\debug\project_g.tlog\link.read.1.tlog
c:\users\user\source\repos\project_g\project_g\x64\debug\project_g.tlog\link.read.2.tlog
c:\users\user\source\repos\project_g\project_g\x64\debug\project_g.tlog\link.read.3.tlog
c:\users\user\source\repos\project_g\project_g\x64\debug\project_g.tlog\link.read.4.tlog
c:\users\user\source\repos\project_g\project_g\x64\debug\project_g.tlog\link.read.5.tlog
c:\users\user\source\repos\project_g\project_g\x64\debug\project_g.tlog\link.write.1.tlog
